<?xml version="1.0" encoding="UTF-8"?>
<!-- Generated by org.testng.reporters.JUnitReportReporter -->
<testsuite hostname="DESKTOP-OUI7JLC" failures="0" tests="1" name="MainTest" time="15.439" errors="0" timestamp="2023-02-21T01:10:12 IST" skipped="0">
  <testcase classname="MainTest" name="mainExecution" time="15.439"/>
  <system-out/>
</testsuite> <!-- MainTest -->
